<?xml version="1.0" encoding="UTF-8"?>
<testng-results skipped="0" failed="0" ignored="0" total="1" passed="1">
  <reporter-output>
  </reporter-output>
  <suite name="Suite" duration-ms="11362" started-at="2022-05-29T06:33:55Z" finished-at="2022-05-29T06:34:06Z">
    <groups>
    </groups>
    <test name="Test" duration-ms="11362" started-at="2022-05-29T06:33:55Z" finished-at="2022-05-29T06:34:06Z">
      <class name="apiChaining.EndToEndTest">
        <test-method status="PASS" signature="test1()[pri:0, instance:apiChaining.EndToEndTest@7bc1a03d]" name="test1" duration-ms="11187" started-at="2022-05-29T06:33:55Z" finished-at="2022-05-29T06:34:06Z">
          <reporter-output>
          </reporter-output>
        </test-method> <!-- test1 -->
      </class> <!-- apiChaining.EndToEndTest -->
    </test> <!-- Test -->
  </suite> <!-- Suite -->
</testng-results>
